SF:lib/main.dart
DA:11,0
DA:12,0
DA:13,0
DA:14,0
DA:18,5
DA:20,1
DA:22,1
DA:24,1
DA:33,5
DA:35,1
DA:36,1
DA:40,1
DA:42,1
DA:43,1
DA:46,1
DA:47,1
DA:48,0
DA:49,0
DA:51,0
DA:55,0
DA:56,0
DA:57,0
DA:62,0
DA:63,0
DA:68,1
LF:25
LH:13
end_of_record
SF:lib/domain/models/help_model.dart
DA:6,5
DA:12,0
DA:13,0
DA:14,0
DA:17,0
DA:20,0
DA:21,0
LF:7
LH:1
end_of_record
SF:lib/core/providers/btc_price_provider.dart
DA:6,0
DA:7,0
DA:14,0
DA:16,0
DA:19,0
DA:22,0
DA:23,0
DA:25,0
DA:26,0
DA:27,0
DA:39,0
DA:40,0
DA:41,0
DA:46,0
DA:47,0
DA:48,0
DA:49,0
DA:50,0
DA:51,0
DA:53,0
DA:54,0
DA:58,0
DA:59,0
DA:60,0
DA:61,0
DA:62,0
DA:64,0
LF:27
LH:0
end_of_record
SF:lib/core/providers/node_provider.dart
DA:12,0
DA:14,0
DA:15,0
DA:16,0
DA:17,0
DA:26,0
DA:29,0
DA:31,0
DA:33,0
DA:34,0
DA:36,0
DA:39,0
DA:40,0
DA:42,0
DA:43,0
DA:46,0
DA:47,0
DA:48,0
DA:51,0
DA:56,0
DA:57,0
DA:59,0
DA:63,0
DA:64,0
DA:66,0
DA:67,0
DA:69,0
DA:73,0
DA:74,0
DA:75,0
DA:77,0
DA:79,0
DA:80,0
DA:81,0
DA:91,0
DA:92,0
LF:36
LH:0
end_of_record
SF:lib/src/rust/api.dart
DA:11,0
DA:14,0
DA:19,0
DA:20,0
DA:22,0
DA:24,0
DA:25,0
DA:27,0
DA:28,0
DA:31,0
DA:32,0
DA:35,0
DA:39,0
DA:43,0
DA:50,0
DA:51,0
DA:54,0
DA:55,0
DA:58,0
DA:61,0
DA:67,0
DA:68,0
DA:79,0
DA:89,0
DA:91,0
DA:92,0
DA:93,0
DA:94,0
DA:95,0
DA:96,0
DA:97,0
DA:99,0
DA:102,0
DA:103,0
DA:104,0
DA:105,0
DA:106,0
DA:107,0
DA:108,0
DA:109,0
DA:110,0
DA:119,0
DA:126,0
DA:128,0
DA:129,0
DA:130,0
DA:131,0
DA:133,0
DA:136,0
DA:137,0
DA:138,0
DA:139,0
DA:140,0
DA:141,0
DA:149,0
DA:151,0
DA:152,0
DA:154,0
DA:157,0
DA:158,0
DA:159,0
DA:160,0
DA:167,0
DA:169,0
DA:170,0
DA:172,0
DA:175,0
DA:176,0
DA:177,0
DA:178,0
DA:191,0
DA:201,0
DA:203,0
DA:204,0
DA:205,0
DA:206,0
DA:207,0
DA:208,0
DA:209,0
DA:211,0
DA:214,0
DA:215,0
DA:216,0
DA:217,0
DA:218,0
DA:219,0
DA:220,0
DA:221,0
DA:222,0
LF:89
LH:0
end_of_record
SF:lib/core/providers/security_provider.dart
DA:11,0
DA:12,0
DA:16,0
DA:19,0
DA:23,0
DA:24,0
DA:25,0
DA:29,0
DA:32,0
DA:33,0
DA:38,0
DA:40,0
DA:41,0
DA:43,0
DA:45,0
DA:47,0
DA:51,0
DA:52,0
DA:54,0
DA:55,0
DA:58,0
DA:67,0
DA:68,0
DA:69,0
DA:71,0
DA:72,0
DA:80,0
DA:81,0
DA:82,0
DA:85,0
DA:86,0
DA:88,0
DA:89,0
DA:92,0
DA:93,0
DA:98,0
DA:99,0
DA:102,0
DA:108,0
DA:118,0
DA:119,0
DA:120,0
DA:132,0
DA:139,0
DA:145,0
DA:146,0
DA:148,0
DA:149,0
DA:150,0
DA:156,0
DA:157,0
LF:51
LH:0
end_of_record
SF:lib/core/providers/wallet_provider.dart
DA:9,3
DA:10,0
DA:14,0
DA:15,0
DA:16,0
DA:24,0
DA:26,0
DA:29,0
DA:32,0
DA:33,0
DA:36,0
DA:39,0
DA:40,0
DA:41,0
DA:45,0
DA:47,0
DA:53,0
DA:54,0
DA:56,0
DA:57,0
DA:61,0
DA:62,0
DA:63,0
DA:66,0
DA:67,0
DA:68,0
DA:73,0
DA:74,0
DA:76,0
DA:77,0
LF:30
LH:1
end_of_record
SF:lib/domain/models/transaction_model.dart
DA:12,1
LF:1
LH:1
end_of_record
SF:lib/data/repositories/real_wallet_repository.dart
DA:6,0
DA:8,0
DA:9,0
DA:11,0
DA:16,0
DA:17,0
DA:18,0
DA:19,0
DA:22,0
DA:23,0
DA:24,0
DA:26,0
DA:27,0
DA:31,0
DA:32,0
DA:34,0
DA:37,0
DA:43,0
DA:48,0
DA:50,0
DA:53,0
DA:58,0
DA:60,0
DA:61,0
DA:64,0
DA:65,0
LF:26
LH:0
end_of_record
SF:lib/core/theme/app_theme.dart
DA:9,3
DA:33,1
DA:36,1
DA:37,1
DA:38,2
DA:41,1
DA:42,1
DA:50,2
LF:8
LH:8
end_of_record
SF:lib/presentation/screens/main_screen.dart
DA:10,5
DA:12,0
DA:13,0
DA:26,0
DA:28,0
DA:29,0
DA:30,0
DA:31,0
DA:32,0
DA:33,0
DA:36,0
DA:37,0
DA:38,0
DA:39,0
DA:40,0
DA:44,0
LF:16
LH:1
end_of_record
SF:lib/presentation/screens/wallet_setup_screen.dart
DA:9,5
DA:11,0
DA:12,0
DA:23,0
DA:24,0
DA:25,0
DA:28,0
DA:29,0
DA:30,0
DA:31,0
DA:35,0
DA:36,0
DA:37,0
DA:38,0
DA:39,0
DA:40,0
DA:43,0
DA:44,0
DA:45,0
DA:50,0
DA:51,0
DA:52,0
DA:53,0
DA:54,0
DA:59,0
DA:60,0
DA:61,0
DA:65,0
DA:66,0
DA:67,0
DA:69,0
DA:70,0
DA:71,0
DA:76,0
DA:77,0
DA:78,0
DA:79,0
DA:82,0
DA:83,0
DA:84,0
DA:85,0
DA:94,0
DA:96,0
DA:98,0
DA:99,0
DA:101,0
DA:107,0
DA:108,0
DA:109,0
DA:110,0
DA:111,0
DA:112,0
DA:113,0
DA:114,0
DA:116,0
DA:120,0
DA:121,0
DA:123,0
DA:130,0
DA:132,0
DA:138,0
DA:140,0
DA:141,0
DA:142,0
DA:145,0
DA:148,0
DA:152,0
DA:155,0
DA:157,0
DA:158,0
DA:162,0
DA:166,0
DA:168,0
DA:169,0
DA:178,0
DA:179,0
DA:181,0
DA:182,0
DA:184,0
DA:186,0
DA:192,0
DA:195,0
DA:196,0
DA:197,0
DA:200,0
DA:202,0
DA:203,0
DA:204,0
DA:205,0
DA:207,0
DA:216,0
DA:217,0
DA:218,0
DA:219,0
DA:221,0
DA:222,0
DA:224,0
DA:225,0
DA:226,0
DA:227,0
DA:228,0
DA:229,0
DA:235,0
DA:236,0
DA:260,0
DA:261,0
DA:262,0
DA:272,0
DA:275,0
DA:276,0
DA:277,0
DA:280,0
DA:281,0
DA:282,0
DA:295,0
DA:296,0
DA:297,0
DA:299,0
DA:300,0
DA:301,0
DA:303,0
DA:306,0
DA:308,0
DA:316,0
DA:318,0
DA:319,0
DA:320,0
DA:323,0
DA:325,0
DA:326,0
DA:327,0
DA:328,0
DA:329,0
DA:332,0
DA:333,0
DA:343,0
DA:345,0
DA:347,0
DA:348,0
DA:351,0
DA:352,0
DA:353,0
DA:356,0
DA:357,0
DA:360,0
DA:376,0
DA:382,0
DA:384,0
DA:385,0
DA:388,0
DA:390,0
DA:391,0
DA:393,0
DA:398,0
DA:399,0
DA:404,0
DA:406,0
DA:407,0
DA:413,0
DA:415,0
DA:427,0
DA:429,0
DA:430,0
LF:163
LH:1
end_of_record
SF:lib/presentation/screens/lock_screen.dart
DA:9,5
DA:11,0
DA:12,0
DA:19,0
DA:21,0
DA:22,0
DA:24,0
DA:25,0
DA:29,0
DA:31,0
DA:32,0
DA:35,0
DA:37,0
DA:38,0
DA:39,0
DA:41,0
DA:42,0
DA:44,0
DA:46,0
DA:50,0
DA:51,0
DA:52,0
DA:53,0
DA:54,0
DA:58,0
DA:59,0
DA:61,0
DA:64,0
DA:66,0
DA:67,0
DA:72,0
DA:74,0
DA:76,0
DA:77,0
DA:79,0
DA:80,0
DA:84,0
DA:86,0
DA:87,0
DA:88,0
DA:90,0
DA:92,0
DA:94,0
DA:97,0
DA:99,0
DA:124,0
DA:126,0
DA:127,0
DA:128,0
DA:138,0
DA:139,0
DA:144,0
DA:148,0
DA:149,0
DA:161,0
DA:165,0
LF:56
LH:1
end_of_record
SF:lib/src/rust/frb_generated.dart
DA:17,0
DA:19,0
DA:22,0
DA:28,0
DA:38,0
DA:39,0
DA:46,0
DA:48,0
DA:52,0
DA:56,0
DA:58,0
DA:61,0
DA:65,0
DA:68,0
DA:69,0
DA:118,0
DA:125,0
DA:127,0
DA:128,0
DA:129,0
DA:130,0
DA:131,0
DA:132,0
DA:133,0
DA:139,0
DA:140,0
DA:143,0
DA:144,0
DA:150,0
DA:155,0
DA:157,0
DA:158,0
DA:159,0
DA:160,0
DA:161,0
DA:162,0
DA:163,0
DA:169,0
DA:170,0
DA:171,0
DA:173,0
DA:174,0
DA:180,0
DA:186,0
DA:188,0
DA:189,0
DA:190,0
DA:191,0
DA:192,0
DA:193,0
DA:199,0
DA:200,0
DA:203,0
DA:204,0
DA:210,0
DA:213,0
DA:215,0
DA:216,0
DA:217,0
DA:218,0
DA:219,0
DA:220,0
DA:226,0
DA:227,0
DA:230,0
DA:231,0
DA:237,0
DA:240,0
DA:242,0
DA:243,0
DA:244,0
DA:245,0
DA:246,0
DA:247,0
DA:248,0
DA:254,0
DA:255,0
DA:258,0
DA:259,0
DA:265,0
DA:270,0
DA:272,0
DA:273,0
DA:274,0
DA:275,0
DA:276,0
DA:277,0
DA:283,0
DA:284,0
DA:287,0
DA:288,0
DA:294,0
DA:297,0
DA:302,0
DA:303,0
DA:304,0
DA:305,0
DA:306,0
DA:307,0
DA:308,0
DA:309,0
DA:315,0
DA:316,0
DA:317,0
DA:319,0
DA:320,0
DA:326,0
DA:332,0
DA:334,0
DA:335,0
DA:336,0
DA:337,0
DA:338,0
DA:339,0
DA:345,0
DA:346,0
DA:349,0
DA:350,0
DA:356,0
DA:359,0
DA:361,0
DA:362,0
DA:363,0
DA:364,0
DA:365,0
DA:366,0
DA:372,0
DA:373,0
DA:376,0
DA:377,0
DA:383,0
DA:386,0
DA:392,0
DA:393,0
DA:394,0
DA:395,0
DA:396,0
DA:397,0
DA:398,0
DA:399,0
DA:400,0
DA:406,0
DA:407,0
DA:408,0
DA:410,0
DA:411,0
DA:417,0
DA:422,0
DA:427,0
DA:428,0
DA:429,0
DA:430,0
DA:431,0
DA:432,0
DA:433,0
DA:434,0
DA:440,0
DA:441,0
DA:442,0
DA:444,0
DA:445,0
DA:451,0
DA:456,0
DA:458,0
DA:459,0
DA:460,0
DA:461,0
DA:462,0
DA:463,0
DA:469,0
DA:470,0
DA:471,0
DA:473,0
DA:474,0
DA:480,0
DA:483,0
DA:485,0
DA:486,0
DA:487,0
DA:488,0
DA:489,0
DA:490,0
DA:496,0
DA:497,0
DA:498,0
DA:500,0
DA:501,0
DA:507,0
DA:510,0
DA:516,0
DA:522,0
DA:525,0
DA:528,0
DA:534,0
DA:537,0
DA:540,0
DA:543,0
DA:546,0
DA:552,0
DA:555,0
DA:558,0
DA:564,0
DA:570,0
DA:571,0
DA:574,0
DA:578,0
DA:579,0
DA:580,0
DA:581,0
DA:582,0
DA:583,0
DA:584,0
DA:585,0
DA:586,0
DA:587,0
DA:591,0
DA:594,0
DA:597,0
DA:600,0
DA:603,0
DA:606,0
DA:609,0
DA:612,0
DA:615,0
DA:618,0
DA:621,0
DA:625,0
DA:626,0
DA:627,0
DA:628,0
DA:629,0
DA:630,0
DA:631,0
DA:635,0
DA:639,0
DA:640,0
DA:641,0
DA:642,0
DA:643,0
DA:647,0
DA:653,0
DA:656,0
DA:659,0
DA:665,0
DA:671,0
DA:674,0
DA:677,0
DA:681,0
DA:682,0
DA:683,0
DA:684,0
DA:685,0
DA:689,0
DA:693,0
DA:694,0
DA:695,0
DA:696,0
DA:697,0
DA:698,0
DA:699,0
DA:700,0
DA:701,0
DA:702,0
DA:706,0
DA:709,0
DA:710,0
DA:713,0
DA:716,0
DA:719,0
DA:722,0
DA:725,0
DA:728,0
DA:731,0
DA:734,0
DA:737,0
DA:740,0
DA:743,0
DA:746,0
DA:749,0
DA:755,0
DA:756,0
DA:757,0
DA:758,0
DA:763,0
DA:766,0
DA:767,0
DA:770,0
DA:776,0
DA:777,0
DA:778,0
DA:779,0
DA:784,0
DA:787,0
DA:788,0
DA:789,0
DA:790,0
DA:791,0
DA:792,0
DA:793,0
DA:794,0
DA:805,0
DA:809,0
DA:810,0
DA:816,0
DA:822,0
DA:823,0
DA:829,0
DA:833,0
DA:834,0
DA:840,0
DA:844,0
DA:845,0
DA:851,0
DA:857,0
DA:858,0
DA:864,0
DA:867,0
DA:868,0
DA:869,0
DA:870,0
DA:871,0
DA:879,0
DA:884,0
DA:885,0
DA:886,0
DA:889,0
DA:892,0
DA:895,0
DA:898,0
DA:901,0
DA:904,0
DA:907,0
DA:912,0
DA:915,0
DA:918,0
DA:921,0
DA:922,0
DA:923,0
DA:926,0
DA:931,0
DA:932,0
DA:933,0
DA:934,0
DA:935,0
DA:936,0
DA:937,0
DA:938,0
DA:949,0
DA:952,0
DA:955,0
DA:958,0
DA:961,0
DA:964,0
DA:967,0
DA:973,0
DA:976,0
DA:979,0
DA:982,0
DA:985,0
DA:988,0
DA:994,0
DA:997,0
DA:1000,0
DA:1003,0
DA:1009,0
DA:1010,0
DA:1011,0
DA:1015,0
DA:1021,0
DA:1022,0
DA:1025,0
DA:1031,0
DA:1032,0
DA:1033,0
DA:1037,0
DA:1040,0
DA:1041,0
DA:1042,0
DA:1043,0
DA:1044,0
DA:1045,0
DA:1046,0
DA:1049,0
DA:1053,0
DA:1055,0
DA:1059,0
DA:1066,0
DA:1068,0
DA:1072,0
DA:1076,0
DA:1078,0
DA:1082,0
DA:1086,0
DA:1088,0
DA:1092,0
DA:1099,0
DA:1101,0
DA:1105,0
DA:1111,0
DA:1112,0
DA:1113,0
DA:1114,0
DA:1117,0
DA:1123,0
DA:1124,0
DA:1127,0
DA:1130,0
DA:1133,0
DA:1136,0
DA:1139,0
DA:1142,0
DA:1145,0
DA:1150,0
DA:1153,0
DA:1156,0
DA:1159,0
DA:1160,0
DA:1163,0
DA:1169,0
DA:1170,0
DA:1171,0
DA:1172,0
DA:1173,0
DA:1174,0
DA:1175,0
DA:1178,0
DA:1181,0
LF:427
LH:0
end_of_record
SF:lib/presentation/screens/dashboard_screen.dart
DA:15,5
DA:17,0
DA:19,0
DA:20,0
DA:22,0
DA:23,0
DA:24,0
DA:26,0
DA:28,0
DA:31,0
DA:33,0
DA:51,0
DA:52,0
DA:53,0
DA:54,0
DA:57,0
DA:58,0
DA:59,0
DA:61,0
DA:65,0
DA:67,0
DA:72,0
DA:75,0
DA:77,0
DA:91,0
DA:94,0
DA:95,0
DA:96,0
DA:97,0
DA:103,0
DA:104,0
DA:106,0
DA:108,0
DA:114,0
DA:115,0
DA:116,0
DA:124,0
DA:125,0
DA:131,0
DA:132,0
DA:133,0
DA:134,0
DA:135,0
DA:143,0
DA:144,0
DA:148,0
DA:149,0
DA:150,0
DA:151,0
DA:152,0
DA:153,0
DA:155,0
DA:156,0
DA:162,0
DA:163,0
DA:165,0
DA:168,0
DA:169,0
DA:174,0
DA:175,0
DA:178,0
DA:187,0
DA:188,0
DA:189,0
DA:190,0
DA:192,0
DA:193,0
DA:197,0
DA:213,0
DA:214,0
DA:216,0
DA:218,0
DA:220,0
DA:221,0
DA:225,0
DA:226,0
DA:231,0
DA:233,0
DA:234,0
DA:236,0
DA:242,0
DA:243,0
DA:244,0
DA:246,0
DA:247,0
DA:267,0
DA:268,0
DA:269,0
DA:270,0
DA:271,0
DA:273,0
DA:274,0
DA:275,0
DA:277,0
DA:281,0
DA:283,0
DA:284,0
DA:285,0
DA:300,0
DA:304,0
DA:307,0
DA:308,0
DA:311,0
DA:315,0
DA:316,0
DA:317,0
DA:318,0
DA:320,0
DA:325,0
DA:326,0
DA:327,0
DA:328,0
DA:330,0
DA:332,0
LF:114
LH:1
end_of_record
SF:lib/presentation/widgets/balance_history_chart.dart
DA:8,0
DA:10,0
DA:12,0
DA:17,0
DA:18,0
DA:19,0
DA:22,0
DA:23,0
DA:24,0
DA:26,0
DA:29,0
DA:30,0
DA:33,0
DA:35,0
DA:36,0
DA:37,0
DA:38,0
DA:39,0
DA:40,0
DA:41,0
DA:42,0
DA:43,0
DA:44,0
DA:51,0
DA:55,0
DA:56,0
DA:64,0
DA:66,0
DA:67,0
DA:68,0
DA:69,0
LF:31
LH:0
end_of_record
SF:lib/presentation/screens/receive_screen.dart
DA:10,5
DA:12,1
DA:13,1
DA:21,1
DA:23,1
DA:24,1
DA:27,1
DA:28,1
DA:29,3
DA:32,3
DA:33,1
DA:35,1
DA:36,2
DA:37,1
DA:38,1
DA:40,0
DA:41,0
DA:42,0
DA:45,0
DA:46,0
DA:47,0
DA:48,0
DA:60,0
DA:61,0
DA:62,0
DA:63,0
DA:64,0
DA:74,0
DA:75,0
DA:76,0
DA:77,0
DA:78,0
DA:80,0
DA:83,0
DA:89,1
DA:90,1
DA:91,1
DA:94,0
DA:98,1
DA:100,1
DA:102,1
DA:110,1
DA:112,1
DA:113,1
DA:115,1
DA:116,1
DA:118,1
DA:119,1
DA:121,1
DA:123,1
DA:124,1
DA:126,1
DA:127,0
DA:129,1
DA:131,1
DA:132,0
DA:140,1
DA:142,1
DA:144,1
DA:146,3
DA:156,1
DA:157,1
DA:173,2
DA:177,2
DA:178,1
DA:180,1
DA:181,1
DA:182,1
DA:184,1
DA:185,1
DA:195,1
DA:198,1
DA:200,1
DA:201,2
DA:202,1
DA:213,1
DA:217,1
DA:218,1
DA:224,1
DA:227,1
DA:229,1
DA:230,3
DA:233,1
DA:237,1
DA:238,1
DA:249,1
DA:254,1
DA:256,1
DA:258,1
DA:260,1
DA:262,1
DA:264,1
DA:274,0
DA:276,0
DA:277,0
DA:278,0
LF:96
LH:70
end_of_record
SF:lib/presentation/screens/transaction_history_screen.dart
DA:9,5
DA:11,0
DA:13,0
DA:20,0
DA:22,0
DA:24,0
DA:26,0
DA:31,0
DA:32,0
DA:34,0
DA:37,0
DA:38,0
DA:39,0
DA:41,0
DA:43,0
DA:49,0
DA:50,0
DA:51,0
DA:52,0
DA:54,0
DA:56,0
DA:57,0
DA:58,0
DA:60,0
DA:61,0
DA:64,0
DA:76,0
DA:78,0
DA:79,0
DA:80,0
DA:82,0
DA:87,0
DA:88,0
DA:96,0
DA:97,0
DA:98,0
DA:99,0
DA:101,0
DA:102,0
DA:103,0
DA:107,0
DA:109,0
DA:113,0
DA:114,0
LF:44
LH:1
end_of_record
SF:lib/presentation/screens/send_screen.dart
DA:11,5
DA:13,0
DA:14,0
DA:24,0
DA:26,0
DA:27,0
DA:30,0
DA:31,0
DA:32,0
DA:33,0
DA:34,0
DA:39,0
DA:41,0
DA:42,0
DA:43,0
DA:46,0
DA:47,0
DA:48,0
DA:57,0
DA:58,0
DA:59,0
DA:68,0
DA:71,0
DA:73,0
DA:74,0
DA:77,0
DA:78,0
DA:79,0
DA:80,0
DA:82,0
DA:83,0
DA:88,0
DA:90,0
DA:93,0
DA:103,0
DA:104,0
DA:106,0
DA:108,0
DA:111,0
DA:114,0
DA:116,0
DA:120,0
DA:122,0
DA:123,0
DA:124,0
DA:125,0
DA:127,0
DA:131,0
DA:132,0
DA:142,0
DA:144,0
DA:145,0
DA:158,0
DA:159,0
DA:162,0
DA:163,0
DA:164,0
DA:165,0
DA:168,0
DA:169,0
DA:170,0
DA:171,0
DA:172,0
DA:177,0
DA:180,0
DA:181,0
DA:182,0
DA:183,0
DA:189,0
DA:190,0
DA:195,0
DA:197,0
DA:199,0
DA:207,0
DA:209,0
DA:211,0
DA:213,0
DA:216,0
DA:218,0
DA:220,0
DA:222,0
DA:227,0
DA:228,0
DA:251,0
DA:252,0
DA:257,0
DA:262,0
DA:263,0
DA:264,0
DA:266,0
DA:267,0
DA:268,0
DA:270,0
DA:271,0
DA:274,0
DA:279,0
DA:280,0
DA:282,0
DA:283,0
DA:288,0
DA:291,0
DA:293,0
DA:294,0
DA:297,0
DA:299,0
DA:319,0
DA:320,0
DA:326,0
DA:331,0
DA:332,0
DA:333,0
DA:335,0
DA:336,0
DA:337,0
DA:339,0
DA:340,0
DA:350,0
DA:351,0
DA:352,0
DA:353,0
DA:360,0
DA:362,0
DA:363,0
DA:364,0
DA:368,0
DA:369,0
DA:373,0
LF:127
LH:1
end_of_record
SF:lib/presentation/widgets/transaction_item.dart
DA:10,0
DA:12,0
DA:13,0
DA:21,0
DA:23,0
DA:24,0
DA:30,0
DA:32,0
DA:33,0
DA:35,0
DA:36,0
DA:40,0
DA:42,0
DA:45,0
DA:46,0
DA:47,0
DA:48,0
DA:52,0
DA:54,0
DA:55,0
DA:58,0
DA:60,0
DA:62,0
DA:64,0
DA:65,0
DA:67,0
DA:69,0
DA:70,0
DA:71,0
DA:73,0
DA:74,0
DA:75,0
DA:79,0
DA:80,0
DA:81,0
DA:82,0
DA:84,0
DA:85,0
DA:86,0
DA:87,0
DA:92,0
DA:93,0
DA:94,0
DA:96,0
DA:98,0
DA:99,0
DA:102,0
DA:109,0
DA:110,0
DA:112,0
DA:113,0
DA:120,0
DA:127,0
DA:129,0
LF:54
LH:0
end_of_record
SF:lib/presentation/screens/help_screen.dart
DA:7,5
DA:9,0
DA:10,0
DA:17,0
DA:19,0
DA:20,0
DA:23,0
DA:25,0
DA:26,0
DA:29,0
DA:30,0
DA:31,0
DA:32,0
DA:33,0
DA:34,0
DA:38,0
DA:40,0
DA:42,0
DA:47,0
DA:48,0
DA:50,0
DA:52,0
DA:53,0
DA:55,0
DA:61,0
DA:62,0
DA:74,0
DA:75,0
DA:76,0
DA:77,0
DA:79,0
DA:80,0
DA:83,0
DA:86,0
DA:87,0
DA:93,0
DA:95,0
DA:96,0
DA:97,0
DA:98,0
DA:100,0
DA:102,0
DA:104,0
DA:105,0
DA:107,0
DA:108,0
DA:115,0
DA:116,0
DA:122,0
DA:123,0
DA:130,0
DA:131,0
LF:52
LH:1
end_of_record
SF:lib/presentation/screens/network_screen.dart
DA:8,5
DA:10,0
DA:11,0
DA:17,0
DA:19,0
DA:21,0
DA:22,0
DA:24,0
DA:25,0
DA:27,0
DA:33,0
DA:34,0
DA:35,0
DA:38,0
DA:39,0
DA:45,0
DA:46,0
DA:47,0
DA:49,0
DA:51,0
DA:53,0
DA:55,0
DA:59,0
DA:66,0
DA:67,0
DA:69,0
DA:72,0
DA:74,0
DA:77,0
DA:79,0
DA:82,0
DA:84,0
DA:100,0
DA:101,0
DA:110,0
DA:111,0
DA:112,0
DA:113,0
DA:116,0
DA:119,0
DA:120,0
DA:130,0
DA:131,0
DA:132,0
DA:137,0
DA:138,0
DA:139,0
DA:140,0
DA:141,0
DA:144,0
DA:145,0
DA:153,0
DA:154,0
DA:156,0
DA:169,0
DA:171,0
DA:172,0
DA:183,0
DA:184,0
DA:185,0
DA:186,0
DA:187,0
DA:188,0
DA:189,0
DA:190,0
DA:193,0
DA:194,0
DA:195,0
DA:197,0
DA:199,0
DA:201,0
DA:202,0
DA:204,0
DA:205,0
DA:208,0
DA:209,0
DA:210,0
DA:212,0
DA:214,0
DA:217,0
DA:223,0
DA:225,0
DA:226,0
DA:234,0
DA:243,0
DA:245,0
DA:247,0
DA:249,0
DA:259,0
DA:260,0
DA:262,0
DA:264,0
DA:266,0
DA:269,0
DA:270,0
DA:272,0
DA:280,0
DA:289,0
DA:290,0
DA:291,0
DA:294,0
DA:296,0
DA:308,0
DA:311,0
DA:312,0
DA:313,0
DA:314,0
DA:317,0
DA:319,0
DA:321,0
DA:322,0
DA:325,0
DA:326,0
DA:328,0
DA:329,0
DA:330,0
DA:339,0
DA:340,0
DA:348,0
DA:349,0
DA:350,0
DA:353,0
DA:354,0
DA:361,0
DA:362,0
LF:125
LH:1
end_of_record
SF:lib/presentation/screens/settings_screen.dart
DA:14,5
DA:16,0
DA:18,0
DA:19,0
DA:20,0
DA:22,0
DA:23,0
DA:25,0
DA:26,0
DA:28,0
DA:29,0
DA:30,0
DA:32,0
DA:43,0
DA:50,0
DA:71,0
DA:81,0
DA:86,0
DA:92,0
DA:100,0
DA:101,0
DA:105,0
DA:107,0
DA:110,0
DA:112,0
DA:114,0
DA:118,0
DA:120,0
DA:123,0
DA:131,0
DA:132,0
DA:136,0
DA:138,0
DA:142,0
DA:143,0
DA:145,0
DA:149,0
DA:153,0
DA:160,0
DA:166,0
DA:168,0
DA:170,0
DA:172,0
DA:173,0
DA:177,0
DA:179,0
DA:183,0
DA:192,0
DA:196,0
DA:197,0
DA:200,0
DA:201,0
DA:202,0
DA:203,0
DA:213,0
DA:214,0
DA:215,0
DA:216,0
DA:230,0
DA:235,0
DA:237,0
DA:239,0
DA:241,0
DA:247,0
DA:253,0
DA:255,0
DA:256,0
DA:257,0
DA:258,0
DA:259,0
DA:260,0
DA:276,0
DA:283,0
DA:285,0
DA:287,0
DA:289,0
DA:290,0
DA:291,0
DA:292,0
DA:299,0
DA:300,0
DA:302,0
DA:314,0
DA:315,0
DA:316,0
DA:319,0
DA:320,0
DA:321,0
DA:328,0
DA:331,0
DA:332,0
DA:333,0
DA:334,0
DA:342,0
DA:344,0
DA:345,0
DA:346,0
DA:350,0
DA:351,0
DA:353,0
LF:100
LH:1
end_of_record
SF:lib/presentation/widgets/copyable_address.dart
DA:9,2
DA:15,2
DA:16,4
DA:20,6
DA:21,16
DA:23,1
DA:26,1
DA:27,2
DA:28,3
DA:29,2
DA:38,2
DA:40,2
DA:42,2
DA:43,6
DA:44,2
DA:45,4
DA:55,2
DA:56,2
DA:57,2
DA:59,2
DA:61,2
DA:62,2
DA:64,2
DA:65,2
DA:66,2
DA:67,2
DA:68,2
DA:78,2
DA:80,2
DA:81,2
DA:82,2
LF:31
LH:31
end_of_record
SF:lib/presentation/widgets/fee_selector.dart
DA:8,1
DA:14,1
DA:15,2
DA:16,1
DA:17,1
DA:19,1
DA:21,2
DA:26,1
DA:33,1
DA:35,1
DA:37,1
DA:48,1
DA:50,1
DA:51,1
DA:52,1
DA:53,1
DA:56,3
DA:58,1
DA:59,3
LF:19
LH:19
end_of_record
SF:lib/presentation/widgets/info_row.dart
DA:9,1
DA:16,1
DA:18,1
DA:20,1
DA:22,1
DA:23,1
DA:24,1
DA:25,1
DA:26,1
DA:27,1
DA:31,1
DA:32,1
DA:33,1
DA:35,1
DA:36,1
DA:39,1
LF:16
LH:16
end_of_record
SF:lib/presentation/widgets/qr_scanner_modal.dart
DA:6,5
DA:8,0
DA:9,0
DA:15,0
DA:17,0
DA:19,0
DA:20,0
DA:21,0
DA:22,0
DA:23,0
DA:24,0
DA:25,0
DA:26,0
DA:27,0
DA:28,0
DA:29,0
DA:38,0
DA:39,0
DA:40,0
DA:43,0
DA:44,0
DA:45,0
DA:51,0
DA:52,0
DA:55,0
DA:57,0
DA:65,0
DA:66,0
DA:69,0
DA:70,0
DA:71,0
DA:76,0
DA:79,0
DA:81,0
LF:34
LH:1
end_of_record
SF:lib/presentation/screens/transaction_detail_screen.dart
DA:9,0
DA:11,0
DA:13,0
DA:14,0
DA:17,0
DA:19,0
DA:21,0
DA:29,0
DA:31,0
DA:33,0
DA:35,0
DA:36,0
DA:37,0
DA:38,0
DA:41,0
DA:43,0
DA:44,0
DA:45,0
DA:47,0
DA:56,0
DA:57,0
DA:58,0
DA:68,0
DA:73,0
DA:74,0
DA:75,0
DA:77,0
DA:79,0
DA:80,0
DA:81,0
DA:88,0
DA:90,0
DA:104,0
DA:106,0
DA:109,0
DA:110,0
DA:111,0
DA:112,0
DA:114,0
DA:117,0
DA:120,0
DA:122,0
DA:123,0
DA:125,0
DA:140,0
DA:143,0
DA:144,0
DA:155,0
DA:160,0
DA:161,0
DA:164,0
DA:166,0
DA:168,0
DA:170,0
DA:171,0
DA:172,0
DA:181,0
DA:183,0
DA:184,0
DA:185,0
DA:195,0
DA:201,0
DA:202,0
DA:203,0
DA:220,0
DA:221,0
LF:66
LH:0
end_of_record
SF:lib/src/rust/frb_generated.io.dart
DA:14,0
DA:300,0
DA:301,0
DA:308,0
DA:309,0
LF:5
LH:0
end_of_record
SF:lib/data/repositories/mock_wallet_repository.dart
DA:40,0
DA:43,0
DA:44,0
DA:47,0
DA:49,0
DA:50,0
DA:51,0
DA:53,0
DA:54,0
DA:57,0
DA:63,0
DA:65,0
DA:66,0
DA:67,0
DA:69,0
DA:70,0
DA:73,0
DA:79,1
DA:84,0
DA:86,0
DA:87,0
LF:21
LH:1
end_of_record
